<?xml version="1.0" encoding="UTF-8"?>
<coverage generated="1750875509232" clover="3.2.0">
  <project timestamp="1750875509232" name="All files">
    <metrics statements="35" coveredstatements="29" conditionals="24" coveredconditionals="19" methods="10" coveredmethods="9" elements="69" coveredelements="57" complexity="0" loc="35" ncloc="35" packages="1" files="2" classes="2"/>
    <file name="Gameboard.js" path="/home/andres/repos/Odin-battleship/src/main/Gameboard.js">
      <metrics statements="29" coveredstatements="23" conditionals="22" coveredconditionals="18" methods="7" coveredmethods="6"/>
      <line num="4" count="1" type="stmt"/>
      <line num="5" count="10" type="stmt"/>
      <line num="6" count="1" type="stmt"/>
      <line num="7" count="1" type="stmt"/>
      <line num="8" count="10" type="stmt"/>
      <line num="11" count="4" type="cond" truecount="2" falsecount="0"/>
      <line num="12" count="3" type="stmt"/>
      <line num="14" count="1" type="cond" truecount="1" falsecount="1"/>
      <line num="15" count="1" type="stmt"/>
      <line num="16" count="3" type="stmt"/>
      <line num="20" count="0" type="stmt"/>
      <line num="21" count="0" type="stmt"/>
      <line num="24" count="1" type="stmt"/>
      <line num="26" count="1" type="stmt"/>
      <line num="31" count="4" type="cond" truecount="10" falsecount="0"/>
      <line num="32" count="2" type="stmt"/>
      <line num="34" count="2" type="cond" truecount="2" falsecount="0"/>
      <line num="35" count="1" type="stmt"/>
      <line num="37" count="1" type="stmt"/>
      <line num="40" count="2" type="cond" truecount="2" falsecount="0"/>
      <line num="41" count="1" type="stmt"/>
      <line num="42" count="1" type="stmt"/>
      <line num="44" count="1" type="stmt"/>
      <line num="45" count="1" type="cond" truecount="1" falsecount="1"/>
      <line num="46" count="0" type="stmt"/>
      <line num="48" count="1" type="stmt"/>
      <line num="52" count="0" type="cond" truecount="0" falsecount="2"/>
      <line num="53" count="0" type="stmt"/>
      <line num="55" count="0" type="stmt"/>
    </file>
    <file name="Ship.js" path="/home/andres/repos/Odin-battleship/src/main/Ship.js">
      <metrics statements="6" coveredstatements="6" conditionals="2" coveredconditionals="1" methods="3" coveredmethods="3"/>
      <line num="3" count="2" type="stmt"/>
      <line num="4" count="2" type="stmt"/>
      <line num="5" count="2" type="stmt"/>
      <line num="9" count="1" type="cond" truecount="1" falsecount="1"/>
      <line num="10" count="1" type="stmt"/>
      <line num="14" count="1" type="stmt"/>
    </file>
  </project>
</coverage>
