TN:
SF:src/main/Gameboard.js
FN:3,(anonymous_0)
FN:5,(anonymous_1)
FN:8,(anonymous_2)
FN:10,(anonymous_3)
FN:29,(anonymous_4)
FN:39,(anonymous_5)
FN:51,(anonymous_6)
FNF:7
FNH:6
FNDA:1,(anonymous_0)
FNDA:10,(anonymous_1)
FNDA:10,(anonymous_2)
FNDA:4,(anonymous_3)
FNDA:4,(anonymous_4)
FNDA:2,(anonymous_5)
FNDA:0,(anonymous_6)
DA:4,1
DA:5,10
DA:6,1
DA:7,1
DA:8,10
DA:11,4
DA:12,3
DA:14,1
DA:15,1
DA:16,3
DA:20,0
DA:21,0
DA:24,1
DA:26,1
DA:31,4
DA:32,2
DA:34,2
DA:35,1
DA:37,1
DA:40,2
DA:41,1
DA:42,1
DA:44,1
DA:45,1
DA:46,0
DA:48,1
DA:52,0
DA:53,0
DA:55,0
LF:29
LH:23
BRDA:11,0,0,3
BRDA:11,0,1,1
BRDA:14,1,0,1
BRDA:14,1,1,0
BRDA:31,2,0,2
BRDA:31,2,1,2
BRDA:31,3,0,4
BRDA:31,3,1,4
BRDA:31,3,2,4
BRDA:31,3,3,4
BRDA:31,3,4,4
BRDA:31,3,5,3
BRDA:31,3,6,3
BRDA:31,3,7,1
BRDA:34,4,0,1
BRDA:34,4,1,1
BRDA:40,5,0,1
BRDA:40,5,1,1
BRDA:45,6,0,0
BRDA:45,6,1,1
BRDA:52,7,0,0
BRDA:52,7,1,0
BRF:22
BRH:18
end_of_record
TN:
SF:src/main/Ship.js
FN:2,(anonymous_0)
FN:8,(anonymous_1)
FN:13,(anonymous_2)
FNF:3
FNH:3
FNDA:2,(anonymous_0)
FNDA:1,(anonymous_1)
FNDA:1,(anonymous_2)
DA:3,2
DA:4,2
DA:5,2
DA:9,1
DA:10,1
DA:14,1
LF:6
LH:6
BRDA:9,0,0,1
BRDA:9,0,1,0
BRF:2
BRH:1
end_of_record
